<?xml version="1.0" encoding="UTF-8" ?>
<testsuite tests="20" failures="0" name="ita.cucumber.runners.vulnerableMethodTest" time="0.029" errors="0" skipped="0">
  <properties>
[...]
</properties>
  <testcase classname="Scenario: Opening an existing file that has content" name="Given I have a file in &quot;src/notEmpty.txt&quot;" time="0.004"/>
  <testcase classname="Scenario: Opening an existing file that has content" name="When it has content" time="0"/>
  <testcase classname="Scenario: Opening an existing file that has content" name="Then its content should be printed" time="0.005"/>
  <testcase classname="Scenario: Opening an existing file that has content" name="Scenario: Opening an existing file that has content" time="0.005"/>
  <testcase classname="Scenario: Opening an existing file that has no content" name="Given I have a file in &quot;src/empty.txt&quot;" time="0"/>
  <testcase classname="Scenario: Opening an existing file that has no content" name="When it has no content" time="0.001"/>
  <testcase classname="Scenario: Opening an existing file that has no content" name="Then its content should not be printed" time="0"/>
  <testcase classname="Scenario: Opening an existing file that has no content" name="Scenario: Opening an existing file that has no content" time="0.001"/>
  <testcase classname="Scenario: Trying to open a non-existing file" name="Given I have a file in &quot;src/nonExistant.txt&quot;" time="0.005"/>
  <testcase classname="Scenario: Trying to open a non-existing file" name="When it does not exist and I am trying to read it" time="0.001"/>
  <testcase classname="Scenario: Trying to open a non-existing file" name="Then it should not work" time="0"/>
  <testcase classname="Scenario: Trying to open a non-existing file" name="Scenario: Trying to open a non-existing file" time="0.001"/>
  <testcase classname="Scenario: Trying to append to a file" name="Given I have a file in &quot;src/notEmpty.txt&quot;" time="0"/>
  <testcase classname="Scenario: Trying to append to a file" name="When I attempt to write on it" time="0.003"/>
  <testcase classname="Scenario: Trying to append to a file" name="Then it should work" time="0.001"/>
  <testcase classname="Scenario: Trying to append to a file" name="Scenario: Trying to append to a file" time="0.002"/>
  <testcase classname="Scenario: Trying to write to a new file" name="Given I have a file in &quot;src/new.txt&quot;" time="0"/>
  <testcase classname="Scenario: Trying to write to a new file" name="When I attempt to write on it" time="0"/>
  <testcase classname="Scenario: Trying to write to a new file" name="Then it should work" time="0"/>
  <testcase classname="Scenario: Trying to write to a new file" name="Scenario: Trying to write to a new file" time="0"/>
</testsuite>